PASS src/__tests__/routes/feedback.test.ts (99.87 s)
  ‚óè Console

    console.warn
      ‚ö†Ô∏è  Using relaxed environment defaults. Set required variables or run `npm run verify` before production deploys.

      164 |
      165 |   if (!hasWarnedNonProd) {
    > 166 |     console.warn(
          |             ^
      167 |       '‚ö†Ô∏è  Using relaxed environment defaults. Set required variables or run `npm run verify` before production deploys.'
      168 |     );
      169 |     hasWarnedNonProd = true;

      at warn (src/config/env.ts:166:13)
      at Object.<anonymous> (src/config/env.ts:174:2)
      at Object.require (src/lib/logger.ts:2:1)
      at Object.require (src/db/prisma.ts:2:1)
      at Object.require (src/services/feedback.service.ts:2:1)
      at Object.<anonymous> (src/__tests__/routes/feedback.test.ts:2:1)

FAIL src/services/orchestration/tests/persistence.test.ts
  ‚óè Test suite failed to run

    [96msrc/services/orchestration/tests/persistence.test.ts[0m:[93m48[0m:[93m50[0m - [91merror[0m[90m TS2339: [0mProperty 'input' does not exist on type 'OrchestratorRequest'.

    [7m48[0m           data: { message: "Success", input: req.input },
    [7m  [0m [91m                                                 ~~~~~[0m
    [96msrc/services/orchestration/tests/persistence.test.ts[0m:[93m53[0m:[93m19[0m - [91merror[0m[90m TS2345: [0mArgument of type '"test-agent"' is not assignable to parameter of type '"ContentAgent" | "SEOAgent" | "EmailAgent" | "SupportAgent" | "SocialAgent" | "InsightAgent" | "AdAgent" | "BrandVoiceAgent" | "DesignAgent" | "CampaignAgent"'.

    [7m53[0m     registerAgent("test-agent", mockHandler);
    [7m  [0m [91m                  ~~~~~~~~~~~~[0m
    [96msrc/services/orchestration/tests/persistence.test.ts[0m:[93m57[0m:[93m7[0m - [91merror[0m[90m TS2322: [0mType '"test-agent"' is not assignable to type '"ContentAgent" | "SEOAgent" | "EmailAgent" | "SupportAgent" | "SocialAgent" | "InsightAgent" | "AdAgent" | "BrandVoiceAgent" | "DesignAgent" | "CampaignAgent"'.

    [7m57[0m       agent: "test-agent",
    [7m  [0m [91m      ~~~~~[0m

      [96msrc/services/orchestration/types.ts[0m:[93m100[0m:[93m3[0m
        [7m100[0m   agent: AgentName;
        [7m   [0m [96m  ~~~~~[0m
        The expected type comes from property 'agent' which is declared here on type 'OrchestratorRequest'
    [96msrc/services/orchestration/tests/persistence.test.ts[0m:[93m106[0m:[93m19[0m - [91merror[0m[90m TS2345: [0mArgument of type '"failing-agent"' is not assignable to parameter of type '"ContentAgent" | "SEOAgent" | "EmailAgent" | "SupportAgent" | "SocialAgent" | "InsightAgent" | "AdAgent" | "BrandVoiceAgent" | "DesignAgent" | "CampaignAgent"'.

    [7m106[0m     registerAgent("failing-agent", mockHandler);
    [7m   [0m [91m                  ~~~~~~~~~~~~~~~[0m
    [96msrc/services/orchestration/tests/persistence.test.ts[0m:[93m110[0m:[93m7[0m - [91merror[0m[90m TS2322: [0mType '"failing-agent"' is not assignable to type '"ContentAgent" | "SEOAgent" | "EmailAgent" | "SupportAgent" | "SocialAgent" | "InsightAgent" | "AdAgent" | "BrandVoiceAgent" | "DesignAgent" | "CampaignAgent"'.

    [7m110[0m       agent: "failing-agent",
    [7m   [0m [91m      ~~~~~[0m

      [96msrc/services/orchestration/types.ts[0m:[93m100[0m:[93m3[0m
        [7m100[0m   agent: AgentName;
        [7m   [0m [96m  ~~~~~[0m
        The expected type comes from property 'agent' which is declared here on type 'OrchestratorRequest'
    [96msrc/services/orchestration/tests/persistence.test.ts[0m:[93m149[0m:[93m19[0m - [91merror[0m[90m TS2345: [0mArgument of type '"metrics-agent"' is not assignable to parameter of type '"ContentAgent" | "SEOAgent" | "EmailAgent" | "SupportAgent" | "SocialAgent" | "InsightAgent" | "AdAgent" | "BrandVoiceAgent" | "DesignAgent" | "CampaignAgent"'.

    [7m149[0m     registerAgent("metrics-agent", mockHandler);
    [7m   [0m [91m                  ~~~~~~~~~~~~~~~[0m
    [96msrc/services/orchestration/tests/persistence.test.ts[0m:[93m153[0m:[93m7[0m - [91merror[0m[90m TS2322: [0mType '"metrics-agent"' is not assignable to type '"ContentAgent" | "SEOAgent" | "EmailAgent" | "SupportAgent" | "SocialAgent" | "InsightAgent" | "AdAgent" | "BrandVoiceAgent" | "DesignAgent" | "CampaignAgent"'.

    [7m153[0m       agent: "metrics-agent",
    [7m   [0m [91m      ~~~~~[0m

      [96msrc/services/orchestration/types.ts[0m:[93m100[0m:[93m3[0m
        [7m100[0m   agent: AgentName;
        [7m   [0m [96m  ~~~~~[0m
        The expected type comes from property 'agent' which is declared here on type 'OrchestratorRequest'
    [96msrc/services/orchestration/tests/persistence.test.ts[0m:[93m188[0m:[93m19[0m - [91merror[0m[90m TS2345: [0mArgument of type '"fallback-agent"' is not assignable to parameter of type '"ContentAgent" | "SEOAgent" | "EmailAgent" | "SupportAgent" | "SocialAgent" | "InsightAgent" | "AdAgent" | "BrandVoiceAgent" | "DesignAgent" | "CampaignAgent"'.

    [7m188[0m     registerAgent("fallback-agent", mockHandler);
    [7m   [0m [91m                  ~~~~~~~~~~~~~~~~[0m
    [96msrc/services/orchestration/tests/persistence.test.ts[0m:[93m192[0m:[93m7[0m - [91merror[0m[90m TS2322: [0mType '"fallback-agent"' is not assignable to type '"ContentAgent" | "SEOAgent" | "EmailAgent" | "SupportAgent" | "SocialAgent" | "InsightAgent" | "AdAgent" | "BrandVoiceAgent" | "DesignAgent" | "CampaignAgent"'.

    [7m192[0m       agent: "fallback-agent",
    [7m   [0m [91m      ~~~~~[0m

      [96msrc/services/orchestration/types.ts[0m:[93m100[0m:[93m3[0m
        [7m100[0m   agent: AgentName;
        [7m   [0m [96m  ~~~~~[0m
        The expected type comes from property 'agent' which is declared here on type 'OrchestratorRequest'

PASS src/__tests__/agentic-services.test.ts (5.426 s)
  ‚óè Console

    console.warn
      ‚ö†Ô∏è  Using relaxed environment defaults. Set required variables or run `npm run verify` before production deploys.

      164 |
      165 |   if (!hasWarnedNonProd) {
    > 166 |     console.warn(
          |             ^
      167 |       '‚ö†Ô∏è  Using relaxed environment defaults. Set required variables or run `npm run verify` before production deploys.'
      168 |     );
      169 |     hasWarnedNonProd = true;

      at warn (src/config/env.ts:166:13)
      at Object.<anonymous> (src/config/env.ts:174:2)
      at Object.require (src/lib/logger.ts:2:1)
      at Object.require (src/db/prisma.ts:2:1)
      at Object.require (src/lib/prisma.ts:1:1)
      at Object.require (src/services/person.service.ts:2:1)
      at src/__tests__/agentic-services.test.ts:115:25
      at Object.<anonymous> (src/__tests__/agentic-services.test.ts:115:25)

PASS src/services/budgeting/__tests__/simulation-engine.test.ts (5.234 s)
FAIL src/connectors/__tests__/factory.test.ts
  ‚óè Test suite failed to run

    [96msrc/connectors/factory.ts[0m:[93m3[0m:[93m39[0m - [91merror[0m[90m TS2307: [0mCannot find module './base/ConnectorService.js' or its corresponding type declarations.

    [7m3[0m import type { ConnectorService } from "./base/ConnectorService.js";
    [7m [0m [91m                                      ~~~~~~~~~~~~~~~~~~~~~~~~~~~~[0m

PASS src/connectors/__tests__/reddit-connector.test.ts
  ‚óè Console

    console.warn
      ‚ö†Ô∏è  Using relaxed environment defaults. Set required variables or run `npm run verify` before production deploys.

      164 |
      165 |   if (!hasWarnedNonProd) {
    > 166 |     console.warn(
          |             ^
      167 |       '‚ö†Ô∏è  Using relaxed environment defaults. Set required variables or run `npm run verify` before production deploys.'
      168 |     );
      169 |     hasWarnedNonProd = true;

      at warn (src/config/env.ts:166:13)
      at Object.<anonymous> (src/config/env.ts:174:2)
      at Object.require (src/lib/logger.ts:2:1)
      at Object.require (src/connectors/execution/RetryManager.ts:2:1)
      at Object.require (src/connectors/services/RedditConnector.ts:5:1)
      at Object.<anonymous> (src/connectors/__tests__/reddit-connector.test.ts:3:1)

FAIL src/__tests__/routes/documents.test.ts
  ‚óè Test suite failed to run

    ENOSPC: no space left on device, mkdir '/private/var/folders/cv/blq4f6fs61g_zv__z9px4n040000gn/T/jest_dx/jest-transform-cache-a627d41ec45519617150dbcf995a5fb3-79ef2876fae7ca75eedb2aa53dc48338/5f'

      at createDirectory (../../node_modules/.pnpm/jest-util@29.7.0/node_modules/jest-util/build/createDirectory.js:63:10)
      at ScriptTransformer.transformSource (../../node_modules/.pnpm/@jest+transform@29.7.0/node_modules/@jest/transform/build/ScriptTransformer.js:553:37)
      at ScriptTransformer._transformAndBuildScript (../../node_modules/.pnpm/@jest+transform@29.7.0/node_modules/@jest/transform/build/ScriptTransformer.js:674:40)
      at ScriptTransformer.transform (../../node_modules/.pnpm/@jest+transform@29.7.0/node_modules/@jest/transform/build/ScriptTransformer.js:726:19)

FAIL src/__tests__/services/internal-linking.spec.ts
  ‚óè Test suite failed to run

    ENOSPC: no space left on device, mkdir '/private/var/folders/cv/blq4f6fs61g_zv__z9px4n040000gn/T/jest_dx/jest-transform-cache-a627d41ec45519617150dbcf995a5fb3-79ef2876fae7ca75eedb2aa53dc48338/ec'

      at createDirectory (../../node_modules/.pnpm/jest-util@29.7.0/node_modules/jest-util/build/createDirectory.js:63:10)
      at ScriptTransformer.transformSource (../../node_modules/.pnpm/@jest+transform@29.7.0/node_modules/@jest/transform/build/ScriptTransformer.js:553:37)
      at ScriptTransformer._transformAndBuildScript (../../node_modules/.pnpm/@jest+transform@29.7.0/node_modules/@jest/transform/build/ScriptTransformer.js:674:40)
      at ScriptTransformer.transform (../../node_modules/.pnpm/@jest+transform@29.7.0/node_modules/@jest/transform/build/ScriptTransformer.js:726:19)

FAIL src/__tests__/trpc/content.router.spec.ts
  ‚óè Test suite failed to run

    ENOSPC: no space left on device, mkdir '/private/var/folders/cv/blq4f6fs61g_zv__z9px4n040000gn/T/jest_dx/jest-transform-cache-a627d41ec45519617150dbcf995a5fb3-79ef2876fae7ca75eedb2aa53dc48338/0c'

      at createDirectory (../../node_modules/.pnpm/jest-util@29.7.0/node_modules/jest-util/build/createDirectory.js:63:10)
      at ScriptTransformer.transformSource (../../node_modules/.pnpm/@jest+transform@29.7.0/node_modules/@jest/transform/build/ScriptTransformer.js:553:37)
      at ScriptTransformer._transformAndBuildScript (../../node_modules/.pnpm/@jest+transform@29.7.0/node_modules/@jest/transform/build/ScriptTransformer.js:674:40)
      at ScriptTransformer.transform (../../node_modules/.pnpm/@jest+transform@29.7.0/node_modules/@jest/transform/build/ScriptTransformer.js:726:19)

FAIL src/__tests__/agents/ContentAgent.spec.ts
  ‚óè Test suite failed to run

    jest: failed to cache transform results in: /private/var/folders/cv/blq4f6fs61g_zv__z9px4n040000gn/T/jest_dx/jest-transform-cache-a627d41ec45519617150dbcf995a5fb3-79ef2876fae7ca75eedb2aa53dc48338/06/jestsetup_062acd248a88ebfc7d1ba4d27ba5cdf2.map
    Failure message: ENOSPC: no space left on device, open '/private/var/folders/cv/blq4f6fs61g_zv__z9px4n040000gn/T/jest_dx/jest-transform-cache-a627d41ec45519617150dbcf995a5fb3-79ef2876fae7ca75eedb2aa53dc48338/06/jestsetup_062acd248a88ebfc7d1ba4d27ba5cdf2.map.2327053058'

      at writeFileSync (../../node_modules/.pnpm/write-file-atomic@4.0.2/node_modules/write-file-atomic/lib/index.js:216:13)
      at writeCacheFile (../../node_modules/.pnpm/@jest+transform@29.7.0/node_modules/@jest/transform/build/ScriptTransformer.js:908:33)
      at ScriptTransformer._buildTransformResult (../../node_modules/.pnpm/@jest+transform@29.7.0/node_modules/@jest/transform/build/ScriptTransformer.js:510:7)
      at ScriptTransformer.transformSource (../../node_modules/.pnpm/@jest+transform@29.7.0/node_modules/@jest/transform/build/ScriptTransformer.js:554:17)
      at ScriptTransformer._transformAndBuildScript (../../node_modules/.pnpm/@jest+transform@29.7.0/node_modules/@jest/transform/build/ScriptTransformer.js:674:40)
      at ScriptTransformer.transform (../../node_modules/.pnpm/@jest+transform@29.7.0/node_modules/@jest/transform/build/ScriptTransformer.js:726:19)

FAIL src/__tests__/services/brand-voice-ingestion.spec.ts
  ‚óè Test suite failed to run

    ENOSPC: no space left on device, mkdir '/private/var/folders/cv/blq4f6fs61g_zv__z9px4n040000gn/T/jest_dx/jest-transform-cache-a627d41ec45519617150dbcf995a5fb3-79ef2876fae7ca75eedb2aa53dc48338/c5'

      at createDirectory (../../node_modules/.pnpm/jest-util@29.7.0/node_modules/jest-util/build/createDirectory.js:63:10)
      at ScriptTransformer.transformSource (../../node_modules/.pnpm/@jest+transform@29.7.0/node_modules/@jest/transform/build/ScriptTransformer.js:553:37)
      at ScriptTransformer._transformAndBuildScript (../../node_modules/.pnpm/@jest+transform@29.7.0/node_modules/@jest/transform/build/ScriptTransformer.js:674:40)
      at ScriptTransformer.transform (../../node_modules/.pnpm/@jest+transform@29.7.0/node_modules/@jest/transform/build/ScriptTransformer.js:726:19)

FAIL src/services/budgeting/__tests__/allocation-engine.test.ts
  ‚óè Test suite failed to run

    jest: failed to cache transform results in: /private/var/folders/cv/blq4f6fs61g_zv__z9px4n040000gn/T/jest_dx/jest-transform-cache-a627d41ec45519617150dbcf995a5fb3-79ef2876fae7ca75eedb2aa53dc48338/06/jestsetup_062acd248a88ebfc7d1ba4d27ba5cdf2.map
    Failure message: ENOSPC: no space left on device, open '/private/var/folders/cv/blq4f6fs61g_zv__z9px4n040000gn/T/jest_dx/jest-transform-cache-a627d41ec45519617150dbcf995a5fb3-79ef2876fae7ca75eedb2aa53dc48338/06/jestsetup_062acd248a88ebfc7d1ba4d27ba5cdf2.map.2807499528'

      at writeFileSync (../../node_modules/.pnpm/write-file-atomic@4.0.2/node_modules/write-file-atomic/lib/index.js:216:13)
      at writeCacheFile (../../node_modules/.pnpm/@jest+transform@29.7.0/node_modules/@jest/transform/build/ScriptTransformer.js:908:33)
      at ScriptTransformer._buildTransformResult (../../node_modules/.pnpm/@jest+transform@29.7.0/node_modules/@jest/transform/build/ScriptTransformer.js:510:7)
      at ScriptTransformer.transformSource (../../node_modules/.pnpm/@jest+transform@29.7.0/node_modules/@jest/transform/build/ScriptTransformer.js:554:17)
      at ScriptTransformer._transformAndBuildScript (../../node_modules/.pnpm/@jest+transform@29.7.0/node_modules/@jest/transform/build/ScriptTransformer.js:674:40)
      at ScriptTransformer.transform (../../node_modules/.pnpm/@jest+transform@29.7.0/node_modules/@jest/transform/build/ScriptTransformer.js:726:19)

PASS src/connectors/__tests__/whatsapp-connector.test.ts (233.341 s)
  ‚óè Console

    console.warn
      ‚ö†Ô∏è  Using relaxed environment defaults. Set required variables or run `npm run verify` before production deploys.

      164 |
      165 |   if (!hasWarnedNonProd) {
    > 166 |     console.warn(
          |             ^
      167 |       '‚ö†Ô∏è  Using relaxed environment defaults. Set required variables or run `npm run verify` before production deploys.'
      168 |     );
      169 |     hasWarnedNonProd = true;

      at warn (src/config/env.ts:166:13)
      at Object.<anonymous> (src/config/env.ts:174:2)
      at Object.require (src/lib/logger.ts:2:1)
      at Object.require (src/connectors/execution/RetryManager.ts:2:1)
      at Object.require (src/connectors/services/WhatsAppConnector.ts:6:1)
      at Object.<anonymous> (src/connectors/__tests__/whatsapp-connector.test.ts:2:1)

PASS src/connectors/__tests__/instagram-connector.test.ts (190.196 s)
  ‚óè Console

    console.warn
      ‚ö†Ô∏è  Using relaxed environment defaults. Set required variables or run `npm run verify` before production deploys.

      164 |
      165 |   if (!hasWarnedNonProd) {
    > 166 |     console.warn(
          |             ^
      167 |       '‚ö†Ô∏è  Using relaxed environment defaults. Set required variables or run `npm run verify` before production deploys.'
      168 |     );
      169 |     hasWarnedNonProd = true;

      at warn (src/config/env.ts:166:13)
      at Object.<anonymous> (src/config/env.ts:174:2)
      at Object.require (src/lib/logger.ts:2:1)
      at Object.require (src/connectors/execution/RetryManager.ts:2:1)
      at Object.require (src/connectors/services/InstagramConnector.ts:4:1)
      at Object.<anonymous> (src/connectors/__tests__/instagram-connector.test.ts:2:1)

PASS src/__tests__/agents/OutreachAgent.test.ts
PASS src/__tests__/agents/SEOAgent.spec.ts (195.48 s)
  ‚óè Console

    console.warn
      ‚ö†Ô∏è  Using relaxed environment defaults. Set required variables or run `npm run verify` before production deploys.

      164 |
      165 |   if (!hasWarnedNonProd) {
    > 166 |     console.warn(
          |             ^
      167 |       '‚ö†Ô∏è  Using relaxed environment defaults. Set required variables or run `npm run verify` before production deploys.'
      168 |     );
      169 |     hasWarnedNonProd = true;

      at warn (src/config/env.ts:166:13)
      at Object.<anonymous> (src/config/env.ts:174:2)
      at Object.require (src/lib/logger.ts:2:1)
      at Object.require (src/db/prisma.ts:2:1)
      at Object.require (src/agents/SEOAgent.ts:4:1)
      at Object.<anonymous> (src/__tests__/agents/SEOAgent.spec.ts:3:1)

PASS src/agents/__tests__/CampaignAgent.test.ts (192.816 s)
FAIL src/__tests__/agents/InsightAgent.test.ts
  ‚óè Test suite failed to run

    ENOSPC: no space left on device, mkdir '/private/var/folders/cv/blq4f6fs61g_zv__z9px4n040000gn/T/jest_dx/jest-transform-cache-a627d41ec45519617150dbcf995a5fb3-79ef2876fae7ca75eedb2aa53dc48338/2e'

      at createDirectory (../../node_modules/.pnpm/jest-util@29.7.0/node_modules/jest-util/build/createDirectory.js:63:10)
      at ScriptTransformer.transformSource (../../node_modules/.pnpm/@jest+transform@29.7.0/node_modules/@jest/transform/build/ScriptTransformer.js:553:37)
      at ScriptTransformer._transformAndBuildScript (../../node_modules/.pnpm/@jest+transform@29.7.0/node_modules/@jest/transform/build/ScriptTransformer.js:674:40)
      at ScriptTransformer.transform (../../node_modules/.pnpm/@jest+transform@29.7.0/node_modules/@jest/transform/build/ScriptTransformer.js:726:19)

FAIL src/connectors/__tests__/facebook-connector.test.ts
  ‚óè Test suite failed to run

    jest: failed to cache transform results in: /private/var/folders/cv/blq4f6fs61g_zv__z9px4n040000gn/T/jest_dx/jest-transform-cache-a627d41ec45519617150dbcf995a5fb3-79ef2876fae7ca75eedb2aa53dc48338/4e/FacebookConnector_4ec6903ab79f0d6a9c781326cea56edf
    Failure message: ENOSPC: no space left on device, write

      1 | import { describe, it, expect, beforeEach, jest, afterAll } from "@jest/globals";
      2 | import axios from "axios";
    > 3 | import { FacebookConnector } from "../services/FacebookConnector.js";
        | ^
      4 | import { retryManager } from "../execution/RetryManager.js";
      5 |
      6 | jest.mock("axios");

      at writeFileSync (../../node_modules/.pnpm/write-file-atomic@4.0.2/node_modules/write-file-atomic/lib/index.js:223:10)
      at writeCacheFile (../../node_modules/.pnpm/@jest+transform@29.7.0/node_modules/@jest/transform/build/ScriptTransformer.js:908:33)
      at writeCodeCacheFile (../../node_modules/.pnpm/@jest+transform@29.7.0/node_modules/@jest/transform/build/ScriptTransformer.js:875:3)
      at ScriptTransformer._buildTransformResult (../../node_modules/.pnpm/@jest+transform@29.7.0/node_modules/@jest/transform/build/ScriptTransformer.js:514:5)
      at ScriptTransformer.transformSource (../../node_modules/.pnpm/@jest+transform@29.7.0/node_modules/@jest/transform/build/ScriptTransformer.js:554:17)
      at ScriptTransformer._transformAndBuildScript (../../node_modules/.pnpm/@jest+transform@29.7.0/node_modules/@jest/transform/build/ScriptTransformer.js:674:40)
      at ScriptTransformer.transform (../../node_modules/.pnpm/@jest+transform@29.7.0/node_modules/@jest/transform/build/ScriptTransformer.js:726:19)
      at Object.<anonymous> (src/connectors/__tests__/facebook-connector.test.ts:3:1)

FAIL src/__tests__/routes/messages.test.ts
