src/modules/agents.ts(14,48): error TS2345: Argument of type 'ListParams | undefined' is not assignable to parameter of type '{ query?: Record<string, any> | undefined; } | undefined'.
  Type 'ListParams' has no properties in common with type '{ query?: Record<string, any> | undefined; }'.
src/modules/agents.ts(28,68): error TS2559: Type 'AgentExecuteInput' has no properties in common with type '{ body?: any; query?: Record<string, any> | undefined; }'.
src/modules/agents.ts(42,49): error TS2345: Argument of type '(ListParams & { agent?: string | undefined; status?: string | undefined; }) | undefined' is not assignable to parameter of type '{ query?: Record<string, any> | undefined; } | undefined'.
  Type 'ListParams & { agent?: string | undefined; status?: string | undefined; }' is not assignable to type '{ query?: Record<string, any> | undefined; } | undefined'.
    Type 'ListParams & { agent?: string | undefined; status?: string | undefined; }' has no properties in common with type '{ query?: Record<string, any> | undefined; }'.
src/modules/campaigns.ts(14,52): error TS2559: Type 'CampaignCreateInput' has no properties in common with type '{ body?: any; query?: Record<string, any> | undefined; }'.
src/modules/campaigns.ts(21,53): error TS2345: Argument of type 'ListParams | undefined' is not assignable to parameter of type '{ query?: Record<string, any> | undefined; } | undefined'.
  Type 'ListParams' has no properties in common with type '{ query?: Record<string, any> | undefined; }'.
src/modules/content.ts(14,64): error TS2559: Type 'ContentGenerateInput' has no properties in common with type '{ body?: any; query?: Record<string, any> | undefined; }'.
src/modules/content.ts(21,63): error TS2345: Argument of type 'ListParams | undefined' is not assignable to parameter of type '{ query?: Record<string, any> | undefined; } | undefined'.
  Type 'ListParams' has no properties in common with type '{ query?: Record<string, any> | undefined; }'.
src/modules/content.ts(49,51): error TS2345: Argument of type 'ListParams | undefined' is not assignable to parameter of type '{ query?: Record<string, any> | undefined; } | undefined'.
  Type 'ListParams' has no properties in common with type '{ query?: Record<string, any> | undefined; }'.
src/modules/marketing.ts(19,68): error TS2345: Argument of type '{ startDate?: string | undefined; endDate?: string | undefined; } | undefined' is not assignable to parameter of type '{ query?: Record<string, any> | undefined; } | undefined'.
  Type '{ startDate?: string | undefined; endDate?: string | undefined; }' has no properties in common with type '{ query?: Record<string, any> | undefined; }'.
src/modules/marketing.ts(26,73): error TS2345: Argument of type 'ListParams | undefined' is not assignable to parameter of type '{ query?: Record<string, any> | undefined; } | undefined'.
  Type 'ListParams' has no properties in common with type '{ query?: Record<string, any> | undefined; }'.
src/modules/marketing.ts(44,65): error TS2345: Argument of type '(ListParams & { status?: string | undefined; source?: string | undefined; grade?: string | undefined; }) | undefined' is not assignable to parameter of type '{ query?: Record<string, any> | undefined; } | undefined'.
  Type 'ListParams & { status?: string | undefined; source?: string | undefined; grade?: string | undefined; }' is not assignable to type '{ query?: Record<string, any> | undefined; } | undefined'.
    Type 'ListParams & { status?: string | undefined; source?: string | undefined; grade?: string | undefined; }' has no properties in common with type '{ query?: Record<string, any> | undefined; }'.
src/modules/orchestration.ts(14,66): error TS2559: Type 'OrchestrationInput' has no properties in common with type '{ body?: any; query?: Record<string, any> | undefined; }'.
src/modules/orchestration.ts(32,69): error TS2345: Argument of type '{ workflow?: string | undefined; status?: string | undefined; limit?: number | undefined; } | undefined' is not assignable to parameter of type '{ query?: Record<string, any> | undefined; } | undefined'.
  Type '{ workflow?: string | undefined; status?: string | undefined; limit?: number | undefined; }' has no properties in common with type '{ query?: Record<string, any> | undefined; }'.
src/types.ts(8,3): error TS2305: Module '"@prisma/client"' has no exported member 'AgentKind'.
src/types.ts(9,3): error TS2305: Module '"@prisma/client"' has no exported member 'AgentStatus'.
src/types.ts(10,3): error TS2305: Module '"@prisma/client"' has no exported member 'MessageRole'.
src/types.ts(11,3): error TS2305: Module '"@prisma/client"' has no exported member 'ConversationKind'.
src/types.ts(12,3): error TS2305: Module '"@prisma/client"' has no exported member 'DatasetKind'.
src/types.ts(13,3): error TS2305: Module '"@prisma/client"' has no exported member 'TrainStatus'.
src/types.ts(14,3): error TS2305: Module '"@prisma/client"' has no exported member 'ContentKind'.
src/types.ts(15,3): error TS2305: Module '"@prisma/client"' has no exported member 'CampaignStatus'.
src/types.ts(16,3): error TS2305: Module '"@prisma/client"' has no exported member 'ConnectorKind'.
src/types.ts(17,3): error TS2305: Module '"@prisma/client"' has no exported member 'MarketingCampaignType'.
src/types.ts(18,3): error TS2305: Module '"@prisma/client"' has no exported member 'MarketingCampaignStatus'.
src/types.ts(19,3): error TS2305: Module '"@prisma/client"' has no exported member 'MarketingLeadGrade'.
src/types.ts(20,3): error TS2305: Module '"@prisma/client"' has no exported member 'MarketingLeadStatus'.
src/types.ts(21,3): error TS2305: Module '"@prisma/client"' has no exported member 'MarketingTouchpointType'.
src/types.ts(26,3): error TS2305: Module '"@prisma/client"' has no exported member 'User'.
src/types.ts(27,3): error TS2305: Module '"@prisma/client"' has no exported member 'Organization'.
src/types.ts(28,3): error TS2305: Module '"@prisma/client"' has no exported member 'Brand'.
src/types.ts(29,3): error TS2305: Module '"@prisma/client"' has no exported member 'Agent'.
src/types.ts(30,3): error TS2305: Module '"@prisma/client"' has no exported member 'AgentRun'.
src/types.ts(31,3): error TS2305: Module '"@prisma/client"' has no exported member 'Content'.
src/types.ts(32,3): error TS2305: Module '"@prisma/client"' has no exported member 'ContentDraft'.
src/types.ts(33,3): error TS2305: Module '"@prisma/client"' has no exported member 'Campaign'.
src/types.ts(34,3): error TS2305: Module '"@prisma/client"' has no exported member 'CampaignMetric'.
src/types.ts(35,3): error TS2305: Module '"@prisma/client"' has no exported member 'MarketingCampaign'.
src/types.ts(36,3): error TS2305: Module '"@prisma/client"' has no exported member 'MarketingLead'.
src/types.ts(37,3): error TS2305: Module '"@prisma/client"' has no exported member 'MarketingTouchpoint'.
src/types.ts(38,3): error TS2305: Module '"@prisma/client"' has no exported member 'MarketingMetric'.
src/types.ts(39,3): error TS2305: Module '"@prisma/client"' has no exported member 'AgentJob'.
src/types.ts(40,3): error TS2305: Module '"@prisma/client"' has no exported member 'MetricEvent'.
src/types.ts(41,3): error TS2305: Module '"@prisma/client"' has no exported member 'BrandVoice'.
src/types.ts(42,3): error TS2305: Module '"@prisma/client"' has no exported member 'Persona'.
src/types.ts(43,3): error TS2305: Module '"@prisma/client"' has no exported member 'Keyword'.
src/types.ts(44,3): error TS2305: Module '"@prisma/client"' has no exported member 'EditorialCalendar'.
src/types.ts(45,3): error TS2305: Module '"@prisma/client"' has no exported member 'Conversation'.
src/types.ts(46,3): error TS2305: Module '"@prisma/client"' has no exported member 'Message'.
src/types.ts(47,3): error TS2305: Module '"@prisma/client"' has no exported member 'Dataset'.
src/types.ts(48,3): error TS2305: Module '"@prisma/client"' has no exported member 'Document'.
src/types.ts(49,3): error TS2305: Module '"@prisma/client"' has no exported member 'Task'.
src/types.ts(50,3): error TS2305: Module '"@prisma/client"' has no exported member 'Feedback'.
src/types.ts(51,3): error TS2305: Module '"@prisma/client"' has no exported member 'TeamMember'.
src/types.ts(52,3): error TS2305: Module '"@prisma/client"' has no exported member 'Subscription'.
src/types.ts(53,3): error TS2305: Module '"@prisma/client"' has no exported member 'Invoice'.
